proguard/seeds.txt
pe.kmh.fm.MainActivity
pe.kmh.fm.MainActivity: MainActivity()
pe.kmh.fm.MainActivity: void onCopyBtnPress(android.view.View)
pe.kmh.fm.MainActivity: void onPasteBtnPress(android.view.View)
pe.kmh.fm.MainActivity: void onDeleteBtnPress(android.view.View)
pe.kmh.fm.MainActivity: void onMoveBtnPress(android.view.View)
pe.kmh.fm.MainActivity: void onPermBtnPress(android.view.View)
pe.kmh.fm.SearchActivity
pe.kmh.fm.SearchActivity: SearchActivity()
pe.kmh.fm.SettingsActivity
pe.kmh.fm.SettingsActivity: SettingsActivity()
pe.kmh.fm.TextEditor
pe.kmh.fm.TextEditor: TextEditor()
pe.kmh.fm.TextEditor: void onFileSaveBtnPress(android.view.View)
pe.kmh.fm.prop.SearchedFileProperty
pe.kmh.fm.prop.SearchedFileProperty: android.os.Parcelable$Creator CREATOR
pe.kmh.fm.prop.SearchedRootFileProperty
pe.kmh.fm.prop.SearchedRootFileProperty: android.os.Parcelable$Creator CREATOR
...
com.actionbarsherlock.internal.widget.IcsAdapterView$SelectionNotifier
com.actionbarsherlock.internal.widget.IcsAdapterView$SelectionNotifier: com.actionbarsherlock.internal.widget.IcsAdapterView this$0
com.actionbarsherlock.internal.widget.IcsAdapterView$SelectionNotifier: IcsAdapterView$SelectionNotifier(com.actionbarsherlock.internal.widget.IcsAdapterView)
com.actionbarsherlock.internal.widget.IcsAdapterView$SelectionNotifier: void run()
com.actionbarsherlock.internal.widget.IcsAdapterView$SelectionNotifier: IcsAdapterView$SelectionNotifier(com.actionbarsherlock.internal.widget.IcsAdapterView,com.actionbarsherlock.internal.widget.IcsAdapterView$SelectionNotifier)
com.actionbarsherlock.internal.widget.IcsColorDrawable
com.actionbarsherlock.internal.widget.IcsColorDrawable: int color
com.actionbarsherlock.internal.widget.IcsColorDrawable: android.graphics.Paint paint
com.actionbarsherlock.internal.widget.IcsColorDrawable: IcsColorDrawable(android.graphics.drawable.ColorDrawable)
com.actionbarsherlock.internal.widget.IcsColorDrawable: IcsColorDrawable(int)
com.actionbarsherlock.internal.widget.IcsColorDrawable: void draw(android.graphics.Canvas)
com.actionbarsherlock.internal.widget.IcsColorDrawable: void setAlpha(int)
com.actionbarsherlock.internal.widget.IcsColorDrawable: void setColorFilter(android.graphics.ColorFilter)
com.actionbarsherlock.internal.widget.IcsColorDrawable: int getOpacity()
com.actionbarsherlock.internal.widget.IcsLinearLayout
com.actionbarsherlock.internal.widget.IcsLinearLayout: int[] R_styleable_LinearLayout
com.actionbarsherlock.internal.widget.IcsLinearLayout: int LinearLayout_divider
com.actionbarsherlock.internal.widget.IcsLinearLayout: int LinearLayout_showDividers
com.actionbarsherlock.internal.widget.IcsLinearLayout: int LinearLayout_dividerPadding
com.actionbarsherlock.internal.widget.IcsLinearLayout: int SHOW_DIVIDER_NONE
com.actionbarsherlock.internal.widget.IcsLinearLayout: int SHOW_DIVIDER_BEGINNING
com.actionbarsherlock.internal.widget.IcsLinearLayout: int SHOW_DIVIDER_MIDDLE
com.actionbarsherlock.internal.widget.IcsLinearLayout: int SHOW_DIVIDER_END
com.actionbarsherlock.internal.widget.IcsLinearLayout: android.graphics.drawable.Drawable mDivider
com.actionbarsherlock.internal.widget.IcsLinearLayout: int mDividerWidth
com.actionbarsherlock.internal.widget.IcsLinearLayout: int mDividerHeight
com.actionbarsherlock.internal.widget.IcsLinearLayout: int mShowDividers
com.actionbarsherlock.internal.widget.IcsLinearLayout: int mDividerPadding
com.actionbarsherlock.internal.widget.IcsLinearLayout: void <clinit>()
com.actionbarsherlock.internal.widget.IcsLinearLayout: IcsLinearLayout(android.content.Context,android.util.AttributeSet)
com.actionbarsherlock.internal.widget.IcsLinearLayout: void setShowDividers(int)
com.actionbarsherlock.internal.widget.IcsLinearLayout: int getShowDividers()