proguard/mapping.txt
pe.kmh.fm.MainActivity -> pe.kmh.fm.MainActivity:
    java.util.ArrayList item -> a
    java.util.ArrayList rootitem -> b
    java.util.ArrayList path -> c
    android.graphics.drawable.Drawable[] icon -> d
    java.util.ArrayList clipboard -> e
    int Clipboard_Count -> f
    android.widget.ListView list -> g
    java.lang.String root -> h
    android.widget.TextView myPath -> i
    int tag_len -> L
    int nowlevel -> j
    int[] list_state_index -> k
    int[] list_state_top -> l
    int[] isSelected -> m
    int Selected_Count -> n
    long backPressedTime -> o
    java.lang.String nowPath -> p
    boolean showMultiSelectToast -> q
    java.lang.String sfilename -> r
    java.lang.String appTheme -> s
    int SortFlag -> M
    android.content.res.Resources res -> t
    int Folder -> N
    int Others -> O
    int Audio -> P
    int Compressed -> Q
    int Apk -> u
    int Image -> v
    int[] internal_icon -> w
    com.stericson.RootTools.execution.Command cmd -> x
    boolean isRoot -> y
    boolean ShowHiddenFiles -> R
    boolean UseImageLoader -> z
    boolean AutoRootCheck -> S
    boolean sel_all -> A
    java.lang.String StartPathPref -> T
    java.lang.String payload -> B
    boolean isCracked -> C
    java.io.File f -> D
    pe.kmh.fm.MainActivity$ApkLoader loader -> E
    android.content.SharedPreferences sharedPrefs -> U
    android.content.SharedPreferences$Editor editor -> V
    java.lang.String[] MenuListItems -> W
pe.kmh.fm.MainActivity$1 -> pe.kmh.fm.a:
    pe.kmh.fm.MainActivity this$0 -> a
    void onServiceDisconnected(android.content.ComponentName) -> onServiceDisconnected
    void onServiceConnected(android.content.ComponentName,android.os.IBinder) -> onServiceConnected
pe.kmh.fm.MainActivity$10 -> pe.kmh.fm.b:
    int compare(java.lang.Object,java.lang.Object) -> compare
pe.kmh.fm.MainActivity$11 -> pe.kmh.fm.c:
    int compare(java.lang.Object,java.lang.Object) -> compare
pe.kmh.fm.MainActivity$12 -> pe.kmh.fm.d:
    int compare(java.lang.Object,java.lang.Object) -> compare
pe.kmh.fm.MainActivity$13 -> pe.kmh.fm.e:
    void onClick(android.content.DialogInterface,int) -> onClick
pe.kmh.fm.MainActivity$14 -> pe.kmh.fm.f:
    pe.kmh.fm.MainActivity this$0 -> a
    android.app.ProgressDialog val$dialog -> b
    void handleMessage(android.os.Message) -> handleMessage
pe.kmh.fm.MainActivity$15 -> pe.kmh.fm.g:
    pe.kmh.fm.MainActivity this$0 -> a
    android.os.Handler val$handler -> b
    android.app.ProgressDialog val$dialog -> c
    void run() -> run
pe.kmh.fm.MainActivity$16 -> pe.kmh.fm.h:
    pe.kmh.fm.MainActivity this$0 -> a
    void onClick(android.content.DialogInterface,int) -> onClick
    pe.kmh.fm.MainActivity access$0(pe.kmh.fm.MainActivity$16) -> a
pe.kmh.fm.MainActivity$16$1 -> pe.kmh.fm.i:
    pe.kmh.fm.MainActivity$16 this$1 -> a
    void handleMessage(android.os.Message) -> handleMessage
pe.kmh.fm.MainActivity$16$2 -> pe.kmh.fm.j:
    pe.kmh.fm.MainActivity$16 this$1 -> a
    android.os.Handler val$handler -> b
    android.app.ProgressDialog val$dialog -> c
    void run() -> run
pe.kmh.fm.MainActivity$17 -> pe.kmh.fm.k:
    void onClick(android.content.DialogInterface,int) -> onClick
pe.kmh.fm.MainActivity$18 -> pe.kmh.fm.l:
    pe.kmh.fm.MainActivity this$0 -> a
    android.app.ProgressDialog val$dialog -> b
    void handleMessage(android.os.Message) -> handleMessage
pe.kmh.fm.MainActivity$19 -> pe.kmh.fm.m:
    pe.kmh.fm.MainActivity this$0 -> a
    android.os.Handler val$handler -> b
    android.app.ProgressDialog val$dialog -> c
    void run() -> run
pe.kmh.fm.MainActivity$19$1 -> pe.kmh.fm.n:
    android.os.Handler val$handler -> c
    int val$prog -> d
    void output(int,java.lang.String) -> a
...
com.actionbarsherlock.internal.widget.IcsAbsSpinner$RecycleBin -> com.actionbarsherlock.internal.widget.IcsAbsSpinner$RecycleBin:
    android.util.SparseArray mScrapHeap -> mScrapHeap
    com.actionbarsherlock.internal.widget.IcsAbsSpinner this$0 -> this$0
    void put(int,android.view.View) -> put
    android.view.View get(int) -> get
    void clear() -> clear
com.actionbarsherlock.internal.widget.IcsAbsSpinner$SavedState -> com.actionbarsherlock.internal.widget.IcsAbsSpinner$SavedState:
    long selectedId -> selectedId
    int position -> position
    android.os.Parcelable$Creator CREATOR -> CREATOR
    void writeToParcel(android.os.Parcel,int) -> writeToParcel
    java.lang.String toString() -> toString
com.actionbarsherlock.internal.widget.IcsAbsSpinner$SavedState$1 -> com.actionbarsherlock.internal.widget.IcsAbsSpinner$SavedState$1:
    com.actionbarsherlock.internal.widget.IcsAbsSpinner$SavedState createFromParcel(android.os.Parcel) -> createFromParcel
    com.actionbarsherlock.internal.widget.IcsAbsSpinner$SavedState[] newArray(int) -> newArray
    java.lang.Object createFromParcel(android.os.Parcel) -> createFromParcel
    java.lang.Object[] newArray(int) -> newArray
com.actionbarsherlock.internal.widget.IcsAdapterView -> com.actionbarsherlock.internal.widget.IcsAdapterView:
    int ITEM_VIEW_TYPE_IGNORE -> ITEM_VIEW_TYPE_IGNORE
    int ITEM_VIEW_TYPE_HEADER_OR_FOOTER -> ITEM_VIEW_TYPE_HEADER_OR_FOOTER
    int mFirstPosition -> mFirstPosition
    int mSpecificTop -> mSpecificTop
    int mSyncPosition -> mSyncPosition
    long mSyncRowId -> mSyncRowId
    long mSyncHeight -> mSyncHeight
    boolean mNeedSync -> mNeedSync
    int mSyncMode -> mSyncMode
    int mLayoutHeight -> mLayoutHeight
    int SYNC_SELECTED_POSITION -> SYNC_SELECTED_POSITION
    int SYNC_FIRST_POSITION -> SYNC_FIRST_POSITION
    int SYNC_MAX_DURATION_MILLIS -> SYNC_MAX_DURATION_MILLIS
    boolean mInLayout -> mInLayout
    com.actionbarsherlock.internal.widget.IcsAdapterView$OnItemSelectedListener mOnItemSelectedListener -> mOnItemSelectedListener
    android.widget.AdapterView$OnItemClickListener mOnItemClickListener -> mOnItemClickListener
    com.actionbarsherlock.internal.widget.IcsAdapterView$OnItemLongClickListener mOnItemLongClickListener -> mOnItemLongClickListener
    boolean mDataChanged -> mDataChanged
    int mNextSelectedPosition -> mNextSelectedPosition
    long mNextSelectedRowId -> mNextSelectedRowId
    int mSelectedPosition -> mSelectedPosition
    long mSelectedRowId -> mSelectedRowId
    android.view.View mEmptyView -> mEmptyView
    int mItemCount -> mItemCount
    int mOldItemCount -> mOldItemCount
    int INVALID_POSITION -> INVALID_POSITION
com.actionbarsherlock.internal.widget.IcsAdapterView$AdapterContextMenuInfo -> com.actionbarsherlock.internal.widget.IcsAdapterView$AdapterContextMenuInfo:
    android.view.View targetView -> targetView
    int position -> position
    long id -> id
com.actionbarsherlock.internal.widget.IcsAdapterView$AdapterDataSetObserver -> com.actionbarsherlock.internal.widget.IcsAdapterView$AdapterDataSetObserver:
    android.os.Parcelable mInstanceState -> mInstanceState
    com.actionbarsherlock.internal.widget.IcsAdapterView this$0 -> this$0
    void onChanged() -> onChanged
    void onInvalidated() -> onInvalidated
    void clearSavedState() -> clearSavedState
com.actionbarsherlock.internal.widget.IcsAdapterView$OnItemLongClickListener -> com.actionbarsherlock.internal.widget.IcsAdapterView$OnItemLongClickListener:
    boolean onItemLongClick(com.actionbarsherlock.internal.widget.IcsAdapterView,android.view.View,int,long) -> onItemLongClick