proguard/usage.txt
pe.kmh.fm.BuildConfig
pe.kmh.fm.MainActivity:
    android.graphics.drawable.Drawable nowIcon
    pe.kmh.fm.MainActivity$FileAdapter adapter
    static final int FOLDER_FIRST
    static final int ABC_ORDER
    static final int ALPHABET_ORDER
    static final int IAB_FINISHED
    static final int TEXT_EDITOR_REQUEST
    static final int JOB_SAVED
    static final int JOB_NOT_SAVED
    static final int NEW_FOLDER
    static final int NEW_FILE
    static final int CHANGE_STORAGE
    static final int REFRESH
    static final int SEARCH
    static final int REBOOT
    static final int BUY
    static final int SETTING
pe.kmh.fm.MainActivity$FileAdapter:
    java.lang.String txtPerm
    java.lang.String file
    java.lang.String mimeType
    android.graphics.drawable.Drawable dr
    pe.kmh.fm.MainActivity$FileAdapter$ViewHolder holder
pe.kmh.fm.MainActivity$RootFileAdapter:
    java.lang.String file
    java.lang.String mimeType
    android.graphics.drawable.Drawable dr
pe.kmh.fm.Manifest
pe.kmh.fm.Manifest$permission
pe.kmh.fm.R
pe.kmh.fm.R$array
pe.kmh.fm.R$attr
pe.kmh.fm.R$bool
pe.kmh.fm.R$color
pe.kmh.fm.R$dimen
pe.kmh.fm.R$drawable
pe.kmh.fm.R$id
pe.kmh.fm.R$integer
pe.kmh.fm.R$layout
pe.kmh.fm.R$menu
pe.kmh.fm.R$string
pe.kmh.fm.R$style
pe.kmh.fm.R$styleable
pe.kmh.fm.R$xml
pe.kmh.fm.SearchActivity:
    211:223:public java.lang.String getExtension(java.io.File)
pe.kmh.fm.TextEditor:
    static final int JOB_SAVED
    static final int JOB_NOT_SAVED
pe.kmh.fm.prop.FileProperty:
    56:56:public int getChecked()
    60:61:public void setChecked(int)
pe.kmh.fm.prop.RootFile:
    private java.lang.String mPerms
    260:261:public java.lang.String getPerms()
pe.kmh.fm.prop.RootFileProperty:
    52:53:public void setIntPerm(java.lang.String)
pe.kmh.fm.prop.SearchedRootFileProperty:
    11:13:public SearchedRootFileProperty(java.lang.String,java.lang.String,java.lang.String,java.lang.String,java.lang.String,java.lang.String)
    20:20:public java.lang.String getPath()
pe.kmh.fm.util.FileUtil:
    14:14:public FileUtil()
pe.kmh.fm.util.StorageList:
    13:13:public StorageList()
pe.kmh.fm.util.ZipUtil:
    24:25:public void zip(java.io.File)
    28:29:public void zip(java.io.File,boolean)
    32:33:public void zip(java.io.File,java.lang.String,boolean)
    36:37:public void zip(java.io.File,java.io.OutputStream)
    40:52:public void zip(java.io.File,java.io.File,java.lang.String,boolean)
    55:106:public void zip(java.io.File,java.io.OutputStream,java.lang.String,boolean)
    151:155:private java.lang.String toPath(java.io.File,java.io.File)
...
android.support.v4.view.GestureDetectorCompat$GestureDetectorCompatImplBase
android.support.v4.view.GestureDetectorCompat$GestureDetectorCompatImplBase$GestureHandler
android.support.v4.view.GestureDetectorCompat$GestureDetectorCompatImplJellybeanMr2
android.support.v4.view.GravityCompat:
    public static final int RELATIVE_LAYOUT_DIRECTION
    public static final int START
    public static final int END
    public static final int RELATIVE_HORIZONTAL_GRAVITY_MASK
    27:62:public GravityCompat()
    132:133:public static void apply(int,int,int,android.graphics.Rect,android.graphics.Rect,int)
    162:163:public static void apply(int,int,int,android.graphics.Rect,int,int,android.graphics.Rect,int)
    186:187:public static void applyDisplay(int,android.graphics.Rect,android.graphics.Rect,int)
android.support.v4.view.GravityCompat$GravityCompatImpl:
    public abstract void apply(int,int,int,android.graphics.Rect,android.graphics.Rect,int)
    public abstract void apply(int,int,int,android.graphics.Rect,int,int,android.graphics.Rect,int)
    public abstract void applyDisplay(int,android.graphics.Rect,android.graphics.Rect,int)
android.support.v4.view.GravityCompat$GravityCompatImplBase:
    46:47:public void apply(int,int,int,android.graphics.Rect,android.graphics.Rect,int)
    52:53:public void apply(int,int,int,android.graphics.Rect,int,int,android.graphics.Rect,int)
    58:59:public void applyDisplay(int,android.graphics.Rect,android.graphics.Rect,int)
android.support.v4.view.GravityCompat$GravityCompatImplJellybeanMr1:
    71:72:public void apply(int,int,int,android.graphics.Rect,android.graphics.Rect,int)
    77:79:public void apply(int,int,int,android.graphics.Rect,int,int,android.graphics.Rect,int)
    83:84:public void applyDisplay(int,android.graphics.Rect,android.graphics.Rect,int)
android.support.v4.view.GravityCompatJellybeanMr1:
    23:23:GravityCompatJellybeanMr1()
    31:32:public static void apply(int,int,int,android.graphics.Rect,android.graphics.Rect,int)
    36:37:public static void apply(int,int,int,android.graphics.Rect,int,int,android.graphics.Rect,int)
    40:41:public static void applyDisplay(int,android.graphics.Rect,android.graphics.Rect,int)
android.support.v4.view.KeyEventCompat:
    26:144:public KeyEventCompat()
    176:176:public static int normalizeMetaState(int)
    180:180:public static boolean metaStateHasModifiers(int,int)
    184:184:public static boolean metaStateHasNoModifiers(int)
    200:200:public static boolean isTracking(android.view.KeyEvent)
    204:204:public static java.lang.Object getKeyDispatcherState(android.view.View)
    209:209:public static boolean dispatch(android.view.KeyEvent,android.view.KeyEvent$Callback,java.lang.Object,java.lang.Object)
android.support.v4.view.KeyEventCompat$BaseKeyEventVersionImpl:
    private static final int META_MODIFIER_MASK
    private static final int META_ALL_MASK
    103:103:public boolean isTracking(android.view.KeyEvent)
    108:108:public java.lang.Object getKeyDispatcherState(android.view.View)
    114:114:public boolean dispatch(android.view.KeyEvent,android.view.KeyEvent$Callback,java.lang.Object,java.lang.Object)
android.support.v4.view.KeyEventCompat$EclairKeyEventVersionImpl:
    126:126:public boolean isTracking(android.view.KeyEvent)
    131:131:public java.lang.Object getKeyDispatcherState(android.view.View)
    137:137:public boolean dispatch(android.view.KeyEvent,android.view.KeyEvent$Callback,java.lang.Object,java.lang.Object)
android.support.v4.view.KeyEventCompat$KeyEventVersionImpl:
    public abstract int normalizeMetaState(int)
    public abstract boolean isTracking(android.view.KeyEvent)
    public abstract java.lang.Object getKeyDispatcherState(android.view.View)
    public abstract boolean dispatch(android.view.KeyEvent,android.view.KeyEvent$Callback,java.lang.Object,java.lang.Object)